1751947818876|0|statement|connection 49|url jdbc:h2:mem:d24048e6-d652-4d54-9256-f56e15c7012e|     drop table if exists codes cascade |     drop table if exists codes cascade 
1751947818876|0|statement|connection 49|url jdbc:h2:mem:d24048e6-d652-4d54-9256-f56e15c7012e|     drop table if exists files cascade |     drop table if exists files cascade 
1751947818876|0|statement|connection 49|url jdbc:h2:mem:d24048e6-d652-4d54-9256-f56e15c7012e|     drop table if exists menu_roles cascade |     drop table if exists menu_roles cascade 
1751947818876|0|statement|connection 49|url jdbc:h2:mem:d24048e6-d652-4d54-9256-f56e15c7012e|     drop table if exists menus cascade |     drop table if exists menus cascade 
1751947818876|0|statement|connection 49|url jdbc:h2:mem:d24048e6-d652-4d54-9256-f56e15c7012e|     drop table if exists roles cascade |     drop table if exists roles cascade 
1751947818876|0|statement|connection 49|url jdbc:h2:mem:d24048e6-d652-4d54-9256-f56e15c7012e|     drop table if exists user_roles cascade |     drop table if exists user_roles cascade 
1751947818876|0|statement|connection 49|url jdbc:h2:mem:d24048e6-d652-4d54-9256-f56e15c7012e|     drop table if exists users cascade |     drop table if exists users cascade 
1751947818892|0|statement|connection 49|url jdbc:h2:mem:d24048e6-d652-4d54-9256-f56e15c7012e|     drop sequence if exists users_seq|     drop sequence if exists users_seq
1751947818892|0|statement|connection 50|url jdbc:h2:mem:c92b0226-0466-4523-bf00-7f4dfe44e2d3|     drop table if exists codes cascade |     drop table if exists codes cascade 
1751947818892|0|statement|connection 50|url jdbc:h2:mem:c92b0226-0466-4523-bf00-7f4dfe44e2d3|     drop table if exists files cascade |     drop table if exists files cascade 
1751947818892|0|statement|connection 50|url jdbc:h2:mem:c92b0226-0466-4523-bf00-7f4dfe44e2d3|     drop table if exists menu_roles cascade |     drop table if exists menu_roles cascade 
1751947818892|0|statement|connection 50|url jdbc:h2:mem:c92b0226-0466-4523-bf00-7f4dfe44e2d3|     drop table if exists menus cascade |     drop table if exists menus cascade 
1751947818892|0|statement|connection 50|url jdbc:h2:mem:c92b0226-0466-4523-bf00-7f4dfe44e2d3|     drop table if exists roles cascade |     drop table if exists roles cascade 
1751947818892|0|statement|connection 50|url jdbc:h2:mem:c92b0226-0466-4523-bf00-7f4dfe44e2d3|     drop table if exists user_roles cascade |     drop table if exists user_roles cascade 
1751947818892|0|statement|connection 50|url jdbc:h2:mem:c92b0226-0466-4523-bf00-7f4dfe44e2d3|     drop table if exists users cascade |     drop table if exists users cascade 
1751947818892|0|statement|connection 50|url jdbc:h2:mem:c92b0226-0466-4523-bf00-7f4dfe44e2d3|     drop sequence if exists users_seq|     drop sequence if exists users_seq
1751947818892|0|statement|connection 51|url jdbc:h2:mem:2d6fe49f-7bd7-4dba-9a22-982acbebc0fc|     drop table if exists codes cascade |     drop table if exists codes cascade 
1751947818892|0|statement|connection 51|url jdbc:h2:mem:2d6fe49f-7bd7-4dba-9a22-982acbebc0fc|     drop table if exists files cascade |     drop table if exists files cascade 
1751947818892|0|statement|connection 51|url jdbc:h2:mem:2d6fe49f-7bd7-4dba-9a22-982acbebc0fc|     drop table if exists menu_roles cascade |     drop table if exists menu_roles cascade 
1751947818892|0|statement|connection 51|url jdbc:h2:mem:2d6fe49f-7bd7-4dba-9a22-982acbebc0fc|     drop table if exists menus cascade |     drop table if exists menus cascade 
1751947818892|0|statement|connection 51|url jdbc:h2:mem:2d6fe49f-7bd7-4dba-9a22-982acbebc0fc|     drop table if exists roles cascade |     drop table if exists roles cascade 
1751947818892|0|statement|connection 51|url jdbc:h2:mem:2d6fe49f-7bd7-4dba-9a22-982acbebc0fc|     drop table if exists user_roles cascade |     drop table if exists user_roles cascade 
1751947818892|0|statement|connection 51|url jdbc:h2:mem:2d6fe49f-7bd7-4dba-9a22-982acbebc0fc|     drop table if exists users cascade |     drop table if exists users cascade 
1751947818892|0|statement|connection 51|url jdbc:h2:mem:2d6fe49f-7bd7-4dba-9a22-982acbebc0fc|     drop sequence if exists users_seq|     drop sequence if exists users_seq
1751947818892|0|statement|connection 52|url jdbc:h2:mem:a93b05fa-2124-457a-ad7f-bafae659a9c3|     drop table if exists codes cascade |     drop table if exists codes cascade 
1751947818892|0|statement|connection 52|url jdbc:h2:mem:a93b05fa-2124-457a-ad7f-bafae659a9c3|     drop table if exists files cascade |     drop table if exists files cascade 
1751947818907|0|statement|connection 52|url jdbc:h2:mem:a93b05fa-2124-457a-ad7f-bafae659a9c3|     drop table if exists menu_roles cascade |     drop table if exists menu_roles cascade 
1751947818907|0|statement|connection 52|url jdbc:h2:mem:a93b05fa-2124-457a-ad7f-bafae659a9c3|     drop table if exists menus cascade |     drop table if exists menus cascade 
1751947818908|0|statement|connection 52|url jdbc:h2:mem:a93b05fa-2124-457a-ad7f-bafae659a9c3|     drop table if exists roles cascade |     drop table if exists roles cascade 
1751947818908|0|statement|connection 52|url jdbc:h2:mem:a93b05fa-2124-457a-ad7f-bafae659a9c3|     drop table if exists user_roles cascade |     drop table if exists user_roles cascade 
1751947818908|0|statement|connection 52|url jdbc:h2:mem:a93b05fa-2124-457a-ad7f-bafae659a9c3|     drop table if exists users cascade |     drop table if exists users cascade 
1751947818909|0|statement|connection 52|url jdbc:h2:mem:a93b05fa-2124-457a-ad7f-bafae659a9c3|     drop sequence if exists users_seq|     drop sequence if exists users_seq
1751949498532|0|statement|connection 49|url jdbc:h2:mem:ddd270bb-370a-44e4-b179-aa22185034d1|     drop table if exists codes cascade |     drop table if exists codes cascade 
1751949498532|0|statement|connection 49|url jdbc:h2:mem:ddd270bb-370a-44e4-b179-aa22185034d1|     drop table if exists files cascade |     drop table if exists files cascade 
1751949498532|0|statement|connection 49|url jdbc:h2:mem:ddd270bb-370a-44e4-b179-aa22185034d1|     drop table if exists menu_roles cascade |     drop table if exists menu_roles cascade 
1751949498532|0|statement|connection 49|url jdbc:h2:mem:ddd270bb-370a-44e4-b179-aa22185034d1|     drop table if exists menus cascade |     drop table if exists menus cascade 
1751949498532|0|statement|connection 49|url jdbc:h2:mem:ddd270bb-370a-44e4-b179-aa22185034d1|     drop table if exists roles cascade |     drop table if exists roles cascade 
1751949498532|0|statement|connection 49|url jdbc:h2:mem:ddd270bb-370a-44e4-b179-aa22185034d1|     drop table if exists user_roles cascade |     drop table if exists user_roles cascade 
1751949498532|0|statement|connection 49|url jdbc:h2:mem:ddd270bb-370a-44e4-b179-aa22185034d1|     drop table if exists users cascade |     drop table if exists users cascade 
1751949498532|0|statement|connection 49|url jdbc:h2:mem:ddd270bb-370a-44e4-b179-aa22185034d1|     drop sequence if exists users_seq|     drop sequence if exists users_seq
1751949498532|0|statement|connection 50|url jdbc:h2:mem:dbb3e45d-2fb2-4fda-93b7-563a075944c1|     drop table if exists codes cascade |     drop table if exists codes cascade 
1751949498548|0|statement|connection 50|url jdbc:h2:mem:dbb3e45d-2fb2-4fda-93b7-563a075944c1|     drop table if exists files cascade |     drop table if exists files cascade 
1751949498548|0|statement|connection 50|url jdbc:h2:mem:dbb3e45d-2fb2-4fda-93b7-563a075944c1|     drop table if exists menu_roles cascade |     drop table if exists menu_roles cascade 
1751949498548|0|statement|connection 50|url jdbc:h2:mem:dbb3e45d-2fb2-4fda-93b7-563a075944c1|     drop table if exists menus cascade |     drop table if exists menus cascade 
1751949498548|0|statement|connection 50|url jdbc:h2:mem:dbb3e45d-2fb2-4fda-93b7-563a075944c1|     drop table if exists roles cascade |     drop table if exists roles cascade 
1751949498548|0|statement|connection 50|url jdbc:h2:mem:dbb3e45d-2fb2-4fda-93b7-563a075944c1|     drop table if exists user_roles cascade |     drop table if exists user_roles cascade 
1751949498548|0|statement|connection 50|url jdbc:h2:mem:dbb3e45d-2fb2-4fda-93b7-563a075944c1|     drop table if exists users cascade |     drop table if exists users cascade 
1751949498548|0|statement|connection 50|url jdbc:h2:mem:dbb3e45d-2fb2-4fda-93b7-563a075944c1|     drop sequence if exists users_seq|     drop sequence if exists users_seq
1751949498548|0|statement|connection 51|url jdbc:h2:mem:34040b5a-ff13-4efa-b942-9af29c745bb7|     drop table if exists codes cascade |     drop table if exists codes cascade 
1751949498548|0|statement|connection 51|url jdbc:h2:mem:34040b5a-ff13-4efa-b942-9af29c745bb7|     drop table if exists files cascade |     drop table if exists files cascade 
1751949498548|0|statement|connection 51|url jdbc:h2:mem:34040b5a-ff13-4efa-b942-9af29c745bb7|     drop table if exists menu_roles cascade |     drop table if exists menu_roles cascade 
1751949498548|0|statement|connection 51|url jdbc:h2:mem:34040b5a-ff13-4efa-b942-9af29c745bb7|     drop table if exists menus cascade |     drop table if exists menus cascade 
1751949498548|0|statement|connection 51|url jdbc:h2:mem:34040b5a-ff13-4efa-b942-9af29c745bb7|     drop table if exists roles cascade |     drop table if exists roles cascade 
1751949498548|0|statement|connection 51|url jdbc:h2:mem:34040b5a-ff13-4efa-b942-9af29c745bb7|     drop table if exists user_roles cascade |     drop table if exists user_roles cascade 
1751949498548|0|statement|connection 51|url jdbc:h2:mem:34040b5a-ff13-4efa-b942-9af29c745bb7|     drop table if exists users cascade |     drop table if exists users cascade 
1751949498548|0|statement|connection 51|url jdbc:h2:mem:34040b5a-ff13-4efa-b942-9af29c745bb7|     drop sequence if exists users_seq|     drop sequence if exists users_seq
1751949498548|0|statement|connection 52|url jdbc:h2:mem:33888ed8-9865-4a21-b6a0-75d60c547133|     drop table if exists codes cascade |     drop table if exists codes cascade 
1751949498548|0|statement|connection 52|url jdbc:h2:mem:33888ed8-9865-4a21-b6a0-75d60c547133|     drop table if exists files cascade |     drop table if exists files cascade 
1751949498548|0|statement|connection 52|url jdbc:h2:mem:33888ed8-9865-4a21-b6a0-75d60c547133|     drop table if exists menu_roles cascade |     drop table if exists menu_roles cascade 
1751949498548|0|statement|connection 52|url jdbc:h2:mem:33888ed8-9865-4a21-b6a0-75d60c547133|     drop table if exists menus cascade |     drop table if exists menus cascade 
1751949498548|0|statement|connection 52|url jdbc:h2:mem:33888ed8-9865-4a21-b6a0-75d60c547133|     drop table if exists roles cascade |     drop table if exists roles cascade 
1751949498548|0|statement|connection 52|url jdbc:h2:mem:33888ed8-9865-4a21-b6a0-75d60c547133|     drop table if exists user_roles cascade |     drop table if exists user_roles cascade 
1751949498548|0|statement|connection 52|url jdbc:h2:mem:33888ed8-9865-4a21-b6a0-75d60c547133|     drop table if exists users cascade |     drop table if exists users cascade 
1751949498548|0|statement|connection 52|url jdbc:h2:mem:33888ed8-9865-4a21-b6a0-75d60c547133|     drop sequence if exists users_seq|     drop sequence if exists users_seq
1751949809817|0|statement|connection 49|url jdbc:h2:mem:3f20cfab-95e5-4980-818e-49fa13f411f2|     drop table if exists codes cascade |     drop table if exists codes cascade 
1751949809817|0|statement|connection 49|url jdbc:h2:mem:3f20cfab-95e5-4980-818e-49fa13f411f2|     drop table if exists files cascade |     drop table if exists files cascade 
1751949809817|0|statement|connection 49|url jdbc:h2:mem:3f20cfab-95e5-4980-818e-49fa13f411f2|     drop table if exists menu_roles cascade |     drop table if exists menu_roles cascade 
1751949809817|0|statement|connection 49|url jdbc:h2:mem:3f20cfab-95e5-4980-818e-49fa13f411f2|     drop table if exists menus cascade |     drop table if exists menus cascade 
1751949809817|0|statement|connection 49|url jdbc:h2:mem:3f20cfab-95e5-4980-818e-49fa13f411f2|     drop table if exists roles cascade |     drop table if exists roles cascade 
1751949809817|0|statement|connection 49|url jdbc:h2:mem:3f20cfab-95e5-4980-818e-49fa13f411f2|     drop table if exists user_roles cascade |     drop table if exists user_roles cascade 
1751949809817|0|statement|connection 49|url jdbc:h2:mem:3f20cfab-95e5-4980-818e-49fa13f411f2|     drop table if exists users cascade |     drop table if exists users cascade 
1751949809817|0|statement|connection 49|url jdbc:h2:mem:3f20cfab-95e5-4980-818e-49fa13f411f2|     drop sequence if exists users_seq|     drop sequence if exists users_seq
1751949809817|0|statement|connection 50|url jdbc:h2:mem:b5c5e46e-4f24-455b-b48b-970e99b9163e|     drop table if exists codes cascade |     drop table if exists codes cascade 
1751949809817|0|statement|connection 50|url jdbc:h2:mem:b5c5e46e-4f24-455b-b48b-970e99b9163e|     drop table if exists files cascade |     drop table if exists files cascade 
1751949809817|0|statement|connection 50|url jdbc:h2:mem:b5c5e46e-4f24-455b-b48b-970e99b9163e|     drop table if exists menu_roles cascade |     drop table if exists menu_roles cascade 
1751949809817|0|statement|connection 50|url jdbc:h2:mem:b5c5e46e-4f24-455b-b48b-970e99b9163e|     drop table if exists menus cascade |     drop table if exists menus cascade 
1751949809817|0|statement|connection 50|url jdbc:h2:mem:b5c5e46e-4f24-455b-b48b-970e99b9163e|     drop table if exists roles cascade |     drop table if exists roles cascade 
1751949809817|0|statement|connection 50|url jdbc:h2:mem:b5c5e46e-4f24-455b-b48b-970e99b9163e|     drop table if exists user_roles cascade |     drop table if exists user_roles cascade 
1751949809817|0|statement|connection 50|url jdbc:h2:mem:b5c5e46e-4f24-455b-b48b-970e99b9163e|     drop table if exists users cascade |     drop table if exists users cascade 
1751949809817|0|statement|connection 50|url jdbc:h2:mem:b5c5e46e-4f24-455b-b48b-970e99b9163e|     drop sequence if exists users_seq|     drop sequence if exists users_seq
1751949809817|0|statement|connection 51|url jdbc:h2:mem:10593ac9-cfa5-43c2-b27c-3eb6d725c157|     drop table if exists codes cascade |     drop table if exists codes cascade 
1751949809833|0|statement|connection 51|url jdbc:h2:mem:10593ac9-cfa5-43c2-b27c-3eb6d725c157|     drop table if exists files cascade |     drop table if exists files cascade 
1751949809833|0|statement|connection 51|url jdbc:h2:mem:10593ac9-cfa5-43c2-b27c-3eb6d725c157|     drop table if exists menu_roles cascade |     drop table if exists menu_roles cascade 
1751949809833|0|statement|connection 51|url jdbc:h2:mem:10593ac9-cfa5-43c2-b27c-3eb6d725c157|     drop table if exists menus cascade |     drop table if exists menus cascade 
1751949809833|0|statement|connection 51|url jdbc:h2:mem:10593ac9-cfa5-43c2-b27c-3eb6d725c157|     drop table if exists roles cascade |     drop table if exists roles cascade 
1751949809833|0|statement|connection 51|url jdbc:h2:mem:10593ac9-cfa5-43c2-b27c-3eb6d725c157|     drop table if exists user_roles cascade |     drop table if exists user_roles cascade 
1751949809833|0|statement|connection 51|url jdbc:h2:mem:10593ac9-cfa5-43c2-b27c-3eb6d725c157|     drop table if exists users cascade |     drop table if exists users cascade 
1751949809833|0|statement|connection 51|url jdbc:h2:mem:10593ac9-cfa5-43c2-b27c-3eb6d725c157|     drop sequence if exists users_seq|     drop sequence if exists users_seq
1751949809833|0|statement|connection 52|url jdbc:h2:mem:42b057c3-c203-4151-8657-3248b81f45a3|     drop table if exists codes cascade |     drop table if exists codes cascade 
1751949809833|0|statement|connection 52|url jdbc:h2:mem:42b057c3-c203-4151-8657-3248b81f45a3|     drop table if exists files cascade |     drop table if exists files cascade 
1751949809833|0|statement|connection 52|url jdbc:h2:mem:42b057c3-c203-4151-8657-3248b81f45a3|     drop table if exists menu_roles cascade |     drop table if exists menu_roles cascade 
1751949809833|0|statement|connection 52|url jdbc:h2:mem:42b057c3-c203-4151-8657-3248b81f45a3|     drop table if exists menus cascade |     drop table if exists menus cascade 
1751949809833|0|statement|connection 52|url jdbc:h2:mem:42b057c3-c203-4151-8657-3248b81f45a3|     drop table if exists roles cascade |     drop table if exists roles cascade 
1751949809833|0|statement|connection 52|url jdbc:h2:mem:42b057c3-c203-4151-8657-3248b81f45a3|     drop table if exists user_roles cascade |     drop table if exists user_roles cascade 
1751949809833|0|statement|connection 52|url jdbc:h2:mem:42b057c3-c203-4151-8657-3248b81f45a3|     drop table if exists users cascade |     drop table if exists users cascade 
1751949809833|0|statement|connection 52|url jdbc:h2:mem:42b057c3-c203-4151-8657-3248b81f45a3|     drop sequence if exists users_seq|     drop sequence if exists users_seq
1751966104466|0|statement|connection 49|url jdbc:h2:mem:74e274fc-52bd-42d4-8e9f-d41f1ced389a|     drop table if exists codes cascade |     drop table if exists codes cascade 
1751966104466|0|statement|connection 49|url jdbc:h2:mem:74e274fc-52bd-42d4-8e9f-d41f1ced389a|     drop table if exists files cascade |     drop table if exists files cascade 
1751966104466|0|statement|connection 49|url jdbc:h2:mem:74e274fc-52bd-42d4-8e9f-d41f1ced389a|     drop table if exists menu_roles cascade |     drop table if exists menu_roles cascade 
1751966104466|0|statement|connection 49|url jdbc:h2:mem:74e274fc-52bd-42d4-8e9f-d41f1ced389a|     drop table if exists menus cascade |     drop table if exists menus cascade 
1751966104466|0|statement|connection 49|url jdbc:h2:mem:74e274fc-52bd-42d4-8e9f-d41f1ced389a|     drop table if exists roles cascade |     drop table if exists roles cascade 
1751966104466|0|statement|connection 49|url jdbc:h2:mem:74e274fc-52bd-42d4-8e9f-d41f1ced389a|     drop table if exists user_roles cascade |     drop table if exists user_roles cascade 
1751966104466|0|statement|connection 49|url jdbc:h2:mem:74e274fc-52bd-42d4-8e9f-d41f1ced389a|     drop table if exists users cascade |     drop table if exists users cascade 
1751966104466|0|statement|connection 49|url jdbc:h2:mem:74e274fc-52bd-42d4-8e9f-d41f1ced389a|     drop sequence if exists users_seq|     drop sequence if exists users_seq
1751966104466|0|statement|connection 50|url jdbc:h2:mem:f5672443-ab6f-455b-ac75-aab104425d29|     drop table if exists codes cascade |     drop table if exists codes cascade 
1751966104466|0|statement|connection 50|url jdbc:h2:mem:f5672443-ab6f-455b-ac75-aab104425d29|     drop table if exists files cascade |     drop table if exists files cascade 
1751966104466|0|statement|connection 50|url jdbc:h2:mem:f5672443-ab6f-455b-ac75-aab104425d29|     drop table if exists menu_roles cascade |     drop table if exists menu_roles cascade 
1751966104466|0|statement|connection 50|url jdbc:h2:mem:f5672443-ab6f-455b-ac75-aab104425d29|     drop table if exists menus cascade |     drop table if exists menus cascade 
1751966104466|0|statement|connection 50|url jdbc:h2:mem:f5672443-ab6f-455b-ac75-aab104425d29|     drop table if exists roles cascade |     drop table if exists roles cascade 
1751966104466|0|statement|connection 50|url jdbc:h2:mem:f5672443-ab6f-455b-ac75-aab104425d29|     drop table if exists user_roles cascade |     drop table if exists user_roles cascade 
1751966104466|0|statement|connection 50|url jdbc:h2:mem:f5672443-ab6f-455b-ac75-aab104425d29|     drop table if exists users cascade |     drop table if exists users cascade 
1751966104466|0|statement|connection 50|url jdbc:h2:mem:f5672443-ab6f-455b-ac75-aab104425d29|     drop sequence if exists users_seq|     drop sequence if exists users_seq
1751966104483|0|statement|connection 51|url jdbc:h2:mem:d2e26550-2f99-4e4b-add0-f9dad21898a5|     drop table if exists codes cascade |     drop table if exists codes cascade 
1751966104483|0|statement|connection 51|url jdbc:h2:mem:d2e26550-2f99-4e4b-add0-f9dad21898a5|     drop table if exists files cascade |     drop table if exists files cascade 
1751966104483|0|statement|connection 51|url jdbc:h2:mem:d2e26550-2f99-4e4b-add0-f9dad21898a5|     drop table if exists menu_roles cascade |     drop table if exists menu_roles cascade 
1751966104483|0|statement|connection 51|url jdbc:h2:mem:d2e26550-2f99-4e4b-add0-f9dad21898a5|     drop table if exists menus cascade |     drop table if exists menus cascade 
1751966104483|0|statement|connection 51|url jdbc:h2:mem:d2e26550-2f99-4e4b-add0-f9dad21898a5|     drop table if exists roles cascade |     drop table if exists roles cascade 
1751966104483|0|statement|connection 51|url jdbc:h2:mem:d2e26550-2f99-4e4b-add0-f9dad21898a5|     drop table if exists user_roles cascade |     drop table if exists user_roles cascade 
1751966104483|0|statement|connection 51|url jdbc:h2:mem:d2e26550-2f99-4e4b-add0-f9dad21898a5|     drop table if exists users cascade |     drop table if exists users cascade 
1751966104483|0|statement|connection 51|url jdbc:h2:mem:d2e26550-2f99-4e4b-add0-f9dad21898a5|     drop sequence if exists users_seq|     drop sequence if exists users_seq
1751966104483|0|statement|connection 52|url jdbc:h2:mem:1712a4f5-36df-4227-9f7b-ffda44f8c3e9|     drop table if exists codes cascade |     drop table if exists codes cascade 
1751966104483|0|statement|connection 52|url jdbc:h2:mem:1712a4f5-36df-4227-9f7b-ffda44f8c3e9|     drop table if exists files cascade |     drop table if exists files cascade 
1751966104483|0|statement|connection 52|url jdbc:h2:mem:1712a4f5-36df-4227-9f7b-ffda44f8c3e9|     drop table if exists menu_roles cascade |     drop table if exists menu_roles cascade 
1751966104483|0|statement|connection 52|url jdbc:h2:mem:1712a4f5-36df-4227-9f7b-ffda44f8c3e9|     drop table if exists menus cascade |     drop table if exists menus cascade 
1751966104483|0|statement|connection 52|url jdbc:h2:mem:1712a4f5-36df-4227-9f7b-ffda44f8c3e9|     drop table if exists roles cascade |     drop table if exists roles cascade 
1751966104483|0|statement|connection 52|url jdbc:h2:mem:1712a4f5-36df-4227-9f7b-ffda44f8c3e9|     drop table if exists user_roles cascade |     drop table if exists user_roles cascade 
1751966104483|0|statement|connection 52|url jdbc:h2:mem:1712a4f5-36df-4227-9f7b-ffda44f8c3e9|     drop table if exists users cascade |     drop table if exists users cascade 
1751966104483|0|statement|connection 52|url jdbc:h2:mem:1712a4f5-36df-4227-9f7b-ffda44f8c3e9|     drop sequence if exists users_seq|     drop sequence if exists users_seq
